Arguments: 
  /usr/bin/node /usr/share/yarn/bin/yarn.js add @types/mongose

PATH: 
  /usr/local/sbin:/usr/local/bin:/usr/sbin:/usr/bin:/sbin:/bin:/usr/games:/usr/local/games:/snap/bin:/home/hugosantos/Android/Sdk/emulator:/home/hugosantos/Android/Sdk/tools:/home/hugosantos/Android/Sdk/tools/bin:/home/hugosantos/Android/Sdk/platform-tools:/opt/mssql-tools/bin:/home/hugosantos/Android/Sdk/emulator:/home/hugosantos/Android/Sdk/tools:/home/hugosantos/Android/Sdk/tools/bin:/home/hugosantos/Android/Sdk/platform-tools:/opt/mssql-tools/bin

Yarn version: 
  1.22.15

Node version: 
  14.18.1

Platform: 
  linux x64

Trace: 
  Error: https://registry.yarnpkg.com/@types%2fmongose: Not found
      at Request.params.callback [as _callback] (/usr/share/yarn/lib/cli.js:67031:18)
      at Request.self.callback (/usr/share/yarn/lib/cli.js:140885:22)
      at Request.emit (events.js:400:28)
      at Request.<anonymous> (/usr/share/yarn/lib/cli.js:141857:10)
      at Request.emit (events.js:400:28)
      at IncomingMessage.<anonymous> (/usr/share/yarn/lib/cli.js:141779:12)
      at Object.onceWrapper (events.js:519:28)
      at IncomingMessage.emit (events.js:412:35)
      at endReadableNT (internal/streams/readable.js:1334:12)
      at processTicksAndRejections (internal/process/task_queues.js:82:21)

npm manifest: 
  {
    "name": "encurturl",
    "version": "1.0.0",
    "description": "",
    "main": "index.js",
    "scripts": {
      "build:watch": "tsc -w",
      "dev": "nodemon ./dist/index.js",
      "test": "echo \"Error: no test specified\" && exit 1"
    },
    "author": "",
    "license": "ISC",
    "dependencies": {
      "axios": "^0.24.0",
      "cors": "^2.8.5",
      "eslint": "^8.3.0",
      "express": "^4.17.1",
      "http-status-codes": "^2.1.4",
      "jsonwebtoken": "^8.5.1",
      "mongose": "^0.0.2-security",
      "nodemon": "^2.0.15",
      "shortid": "^2.2.16",
      "typescript": "^4.5.2"
    },
    "devDependencies": {
      "@types/axios": "^0.14.0",
      "@types/express": "^4.17.13",
      "@types/jsonwebtoken": "^8.5.6",
      "@types/shortid": "^0.0.29",
      "@types/typescript": "^2.0.0"
    }
  }

yarn manifest: 
  No manifest

Lockfile: 
  No lockfile
